<?xml version="1.0" encoding="UTF-8"?>
<!-- Generated by org.testng.reporters.JUnitXMLReporter -->
<testsuite hostname="IN-6C1D5S3" failures="0" tests="5" name="Test" time="0.112" errors="0" timestamp="7 May 2024 16:33:37 GMT">
  <testcase classname="com.nagarro.testclasses.TestClass1" name="@BeforeTest setUp" time="0.0">
    <failure type="java.lang.IllegalStateException" message="The driver executable does not exist: C:\Users\mukulchauhan\OneDrive - Nagarro\Desktop\Automation Fresher Training\Selenium jars and drivers\chromedriver-win32\chromedriver.exe">
      <![CDATA[java.lang.IllegalStateException: The driver executable does not exist: C:\Users\mukulchauhan\OneDrive - Nagarro\Desktop\Automation Fresher Training\Selenium jars and drivers\chromedriver-win32\chromedriver.exe
	at com.google.common.base.Preconditions.checkState(Preconditions.java:534)
	at org.openqa.selenium.remote.service.DriverService.checkExecutable(DriverService.java:136)
	at org.openqa.selenium.remote.service.DriverService.findExecutable(DriverService.java:131)
	at org.openqa.selenium.chrome.ChromeDriverService.access$000(ChromeDriverService.java:32)
	at org.openqa.selenium.chrome.ChromeDriverService$Builder.findDefaultExecutable(ChromeDriverService.java:137)
	at org.openqa.selenium.remote.service.DriverService$Builder.build(DriverService.java:329)
	at org.openqa.selenium.chrome.ChromeDriverService.createDefaultService(ChromeDriverService.java:88)
	at org.openqa.selenium.chrome.ChromeDriver.<init>(ChromeDriver.java:123)
	at com.nagarro.basicsetup.BaseClass.setUp(BaseClass.java:40)
... Removed 22 stack frames]]>
    </failure>
  </testcase> <!-- @BeforeTest setUp -->
  <testcase classname="com.nagarro.testclasses.TestClass1" name="@AfterMethod applyWaits" time="0.0">
    <skipped/>
  </testcase> <!-- @AfterMethod applyWaits -->
  <testcase classname="com.nagarro.testclasses.TestClass1" name="@AfterMethod applyWaits" time="0.0">
    <skipped/>
  </testcase> <!-- @AfterMethod applyWaits -->
  <testcase classname="com.nagarro.testclasses.TestClass1" name="@AfterMethod applyWaits" time="0.0">
    <skipped/>
  </testcase> <!-- @AfterMethod applyWaits -->
  <testcase classname="com.nagarro.testclasses.TestClass1" name="@AfterMethod applyWaits" time="0.0">
    <skipped/>
  </testcase> <!-- @AfterMethod applyWaits -->
  <testcase classname="com.nagarro.testclasses.TestClass1" name="@AfterMethod applyWaits" time="0.0">
    <skipped/>
  </testcase> <!-- @AfterMethod applyWaits -->
  <testcase classname="com.nagarro.testclasses.TestClass1" name="@AfterTest tearDown" time="0.0">
    <skipped/>
  </testcase> <!-- @AfterTest tearDown -->
  <testcase classname="com.nagarro.testclasses.TestClass1" name="addProductsToShoppingCart" time="0.001">
    <skipped/>
  </testcase> <!-- addProductsToShoppingCart -->
  <testcase classname="com.nagarro.testclasses.TestClass1" name="validateShoppingCartItems" time="0.001">
    <skipped/>
  </testcase> <!-- validateShoppingCartItems -->
  <testcase classname="com.nagarro.testclasses.TestClass1" name="updateLocationPin" time="0.001">
    <skipped/>
  </testcase> <!-- updateLocationPin -->
  <testcase classname="com.nagarro.testclasses.TestClass1" name="validatesUpdatedLocation" time="0.001">
    <skipped/>
  </testcase> <!-- validatesUpdatedLocation -->
  <testcase classname="com.nagarro.testclasses.TestClass1" name="usersSignin" time="0.0">
    <skipped/>
  </testcase> <!-- usersSignin -->
</testsuite> <!-- Test -->
